Started by user [8mha:////4AtgHqy81qjxYQDifZhZTjLohbRKGe0hrZf3OY/1ItRnAAAAlx+LCAAAAAAAAP9b85aBtbiIQTGjNKU4P08vOT+vOD8nVc83PyU1x6OyILUoJzMv2y+/JJUBAhiZGBgqihhk0NSjKDWzXb3RdlLBUSYGJk8GtpzUvPSSDB8G5tKinBIGIZ+sxLJE/ZzEvHT94JKizLx0a6BxUmjGOUNodHsLgAzeEgZu/dLi1CL9xJTczDwACG0V4sAAAAA=[0mAdministrator
Running as SYSTEM
Building remotely on [8mha:////4HYnj5FDdcZoISV64iznxANsdcz/FaggIHL62MUsE70AAAAAsB+LCAAAAAAAAP9b85aBtbiIQTGjNKU4P08vOT+vOD8nVc83PyU1x6OyILUoJzMv2y+/JJUBAhiZGBgqihhk0NSjKDWzXb3RdlLBUSYGJk8GtpzUvPSSDB8G5tKinBIGIZ+sxLJE/ZzEvHT94JKizLx0a6BxUmjGOUNodHsLgAzVEgZV/eT83ILSktQi/ZT85OzUIt3EnILMvFRdAyAwTDROSs+pzDAHANKcicXaAAAA[0mdocker-alpine-00001a3bglyh7 on docker (docker-alpine) in workspace /home/jenkins/workspace/test
Selected Git installation does not exist. Using Default
The recommended git tool is: NONE
using credential jenkins-books
Cloning the remote Git repository
Cloning repository https://github.com/Ka3wo123/Books.git
 > git init /home/jenkins/workspace/test # timeout=10
Fetching upstream changes from https://github.com/Ka3wo123/Books.git
 > git --version # timeout=10
 > git --version # 'git version 2.47.2'
using GIT_ASKPASS to set credentials Jenkins books PAT
 > git fetch --tags --force --progress -- https://github.com/Ka3wo123/Books.git +refs/heads/*:refs/remotes/origin/* # timeout=10
 > git config remote.origin.url https://github.com/Ka3wo123/Books.git # timeout=10
 > git config --add remote.origin.fetch +refs/heads/*:refs/remotes/origin/* # timeout=10
Avoid second fetch
 > git rev-parse refs/remotes/origin/master^{commit} # timeout=10
Checking out Revision f1409591261f0e8ab15c2e7a773e057781702e41 (refs/remotes/origin/master)
 > git config core.sparsecheckout # timeout=10
 > git checkout -f f1409591261f0e8ab15c2e7a773e057781702e41 # timeout=10
Commit message: "Remove checkout stage"
 > git rev-list --no-walk f1409591261f0e8ab15c2e7a773e057781702e41 # timeout=10
[test] $ /bin/sh -xe /tmp/jenkins2010448973300944658.sh
+ ./gradlew build
Downloading https://services.gradle.org/distributions/gradle-8.11.1-bin.zip
.............10%.............20%.............30%.............40%.............50%.............60%.............70%.............80%.............90%.............100%

Welcome to Gradle 8.11.1!

Here are the highlights of this release:
 - Parallel load and store for Configuration Cache
 - Java compilation errors at the end of the build output
 - Consolidated report for warnings and deprecations

For more details see https://docs.gradle.org/8.11.1/release-notes.html

Starting a Gradle Daemon (subsequent builds will be faster)
> Task :compileJava
> Task :processResources
> Task :classes
> Task :resolveMainClassName
> Task :bootJar
> Task :jar
> Task :assemble
> Task :compileTestJava
> Task :processTestResources
> Task :testClasses

> Task :test

BookControllerTest > canGetBooks() FAILED
    java.lang.AssertionError at BookControllerTest.java:41
        Caused by: java.lang.AssertionError at BookControllerTest.java:41

3 tests completed, 1 failed

> Task :test FAILED

FAILURE: Build failed with an exception.

* What went wrong:
Execution failed for task ':test'.
> There were failing tests. See the report at: file:///home/jenkins/workspace/test/build/reports/tests/test/index.html

* Try:
> Run with --scan to get full insights.

BUILD FAILED in 1m 10s
8 actionable tasks: 8 executed
Build step 'Execute shell' marked build as failure
Finished: FAILURE
